# JRE version: OpenJDK Runtime Environment (8.0_202-b03) (build 1.8.0_202-release-1483-b03)
# Java VM: OpenJDK 64-Bit Server VM (25.202-b03 mixed mode windows-amd64 compressed oops)
Heap:
 PSYoungGen      total 479232K, used 426994K [0x00000000e0000000, 0x00000000fff80000, 0x0000000100000000)
  eden space 440320K, 95% used [0x00000000e0000000,0x00000000f994c920,0x00000000fae00000)
  from space 38912K, 20% used [0x00000000fae00000,0x00000000fb5b0010,0x00000000fd400000)
  to   space 36864K, 0% used [0x00000000fdb80000,0x00000000fdb80000,0x00000000fff80000)
 ParOldGen       total 274944K, used 197559K [0x00000000a0000000, 0x00000000b0c80000, 0x00000000e0000000)
  object space 274944K, 71% used [0x00000000a0000000,0x00000000ac0ede28,0x00000000b0c80000)
 Metaspace       used 115907K, capacity 120586K, committed 122240K, reserved 1155072K
  class space    used 14607K, capacity 15601K, committed 16000K, reserved 1048576K
GC Heap History (10 events):
Event: 1513.543 GC heap before
{Heap before GC invocations=62 (full 5):
 PSYoungGen      total 474112K, used 434320K [0x00000000e0000000, 0x00000000ff980000, 0x0000000100000000)
  eden space 429568K, 100% used [0x00000000e0000000,0x00000000fa380000,0x00000000fa380000)
  from space 44544K, 10% used [0x00000000fcd80000,0x00000000fd2241a8,0x00000000ff900000)
  to   space 43008K, 0% used [0x00000000fa380000,0x00000000fa380000,0x00000000fcd80000)
 ParOldGen       total 274944K, used 155303K [0x00000000a0000000, 0x00000000b0c80000, 0x00000000e0000000)
  object space 274944K, 56% used [0x00000000a0000000,0x00000000a97a9cf0,0x00000000b0c80000)
 Metaspace       used 115578K, capacity 120172K, committed 121984K, reserved 1155072K
  class space    used 14567K, capacity 15570K, committed 16000K, reserved 1048576K
Event: 1513.561 GC heap after
Heap after GC invocations=62 (full 5):
 PSYoungGen      total 472576K, used 9236K [0x00000000e0000000, 0x00000000ff980000, 0x0000000100000000)
  eden space 429568K, 0% used [0x00000000e0000000,0x00000000e0000000,0x00000000fa380000)
  from space 43008K, 21% used [0x00000000fa380000,0x00000000fac85000,0x00000000fcd80000)
  to   space 40448K, 0% used [0x00000000fd200000,0x00000000fd200000,0x00000000ff980000)
 ParOldGen       total 274944K, used 158231K [0x00000000a0000000, 0x00000000b0c80000, 0x00000000e0000000)
  object space 274944K, 57% used [0x00000000a0000000,0x00000000a9a85d00,0x00000000b0c80000)
 Metaspace       used 115578K, capacity 120172K, committed 121984K, reserved 1155072K
  class space    used 14567K, capacity 15570K, committed 16000K, reserved 1048576K
}
Event: 1514.032 GC heap before
{Heap before GC invocations=63 (full 5):
 PSYoungGen      total 472576K, used 438804K [0x00000000e0000000, 0x00000000ff980000, 0x0000000100000000)
  eden space 429568K, 100% used [0x00000000e0000000,0x00000000fa380000,0x00000000fa380000)
  from space 43008K, 21% used [0x00000000fa380000,0x00000000fac85000,0x00000000fcd80000)
  to   space 40448K, 0% used [0x00000000fd200000,0x00000000fd200000,0x00000000ff980000)
 ParOldGen       total 274944K, used 158231K [0x00000000a0000000, 0x00000000b0c80000, 0x00000000e0000000)
  object space 274944K, 57% used [0x00000000a0000000,0x00000000a9a85d00,0x00000000b0c80000)
 Metaspace       used 115592K, capacity 120180K, committed 121984K, reserved 1155072K
  class space    used 14567K, capacity 15570K, committed 16000K, reserved 1048576K
Event: 1514.067 GC heap after
Heap after GC invocations=63 (full 5):
 PSYoungGen      total 475136K, used 25690K [0x00000000e0000000, 0x0000000100000000, 0x0000000100000000)
  eden space 434688K, 0% used [0x00000000e0000000,0x00000000e0000000,0x00000000fa880000)
  from space 40448K, 63% used [0x00000000fd200000,0x00000000feb16998,0x00000000ff980000)
  to   space 42496K, 0% used [0x00000000fa880000,0x00000000fa880000,0x00000000fd200000)
 ParOldGen       total 274944K, used 164153K [0x00000000a0000000, 0x00000000b0c80000, 0x00000000e0000000)
  object space 274944K, 59% used [0x00000000a0000000,0x00000000aa04e5f0,0x00000000b0c80000)
 Metaspace       used 115592K, capacity 120180K, committed 121984K, reserved 1155072K
  class space    used 14567K, capacity 15570K, committed 16000K, reserved 1048576K
}
Event: 1514.786 GC heap before
{Heap before GC invocations=64 (full 5):
 PSYoungGen      total 475136K, used 460378K [0x00000000e0000000, 0x0000000100000000, 0x0000000100000000)
  eden space 434688K, 100% used [0x00000000e0000000,0x00000000fa880000,0x00000000fa880000)
  from space 40448K, 63% used [0x00000000fd200000,0x00000000feb16998,0x00000000ff980000)
  to   space 42496K, 0% used [0x00000000fa880000,0x00000000fa880000,0x00000000fd200000)
 ParOldGen       total 274944K, used 164153K [0x00000000a0000000, 0x00000000b0c80000, 0x00000000e0000000)
  object space 274944K, 59% used [0x00000000a0000000,0x00000000aa04e5f0,0x00000000b0c80000)
 Metaspace       used 115601K, capacity 120180K, committed 121984K, reserved 1155072K
  class space    used 14567K, capacity 15570K, committed 16000K, reserved 1048576K
Event: 1514.853 GC heap after
Heap after GC invocations=64 (full 5):
 PSYoungGen      total 477184K, used 4032K [0x00000000e0000000, 0x0000000100000000, 0x0000000100000000)
  eden space 434688K, 0% used [0x00000000e0000000,0x00000000e0000000,0x00000000fa880000)
  from space 42496K, 9% used [0x00000000fa880000,0x00000000fac70010,0x00000000fd200000)
  to   space 41472K, 0% used [0x00000000fd780000,0x00000000fd780000,0x0000000100000000)
 ParOldGen       total 274944K, used 185450K [0x00000000a0000000, 0x00000000b0c80000, 0x00000000e0000000)
  object space 274944K, 67% used [0x00000000a0000000,0x00000000ab51ab68,0x00000000b0c80000)
 Metaspace       used 115601K, capacity 120180K, committed 121984K, reserved 1155072K
  class space    used 14567K, capacity 15570K, committed 16000K, reserved 1048576K
}
Event: 1515.524 GC heap before
{Heap before GC invocations=65 (full 5):
 PSYoungGen      total 477184K, used 438720K [0x00000000e0000000, 0x0000000100000000, 0x0000000100000000)
  eden space 434688K, 100% used [0x00000000e0000000,0x00000000fa880000,0x00000000fa880000)
  from space 42496K, 9% used [0x00000000fa880000,0x00000000fac70010,0x00000000fd200000)
  to   space 41472K, 0% used [0x00000000fd780000,0x00000000fd780000,0x0000000100000000)
 ParOldGen       total 274944K, used 185450K [0x00000000a0000000, 0x00000000b0c80000, 0x00000000e0000000)
  object space 274944K, 67% used [0x00000000a0000000,0x00000000ab51ab68,0x00000000b0c80000)
 Metaspace       used 115618K, capacity 120244K, committed 121984K, reserved 1155072K
  class space    used 14567K, capacity 15570K, committed 16000K, reserved 1048576K
Event: 1515.593 GC heap after
Heap after GC invocations=65 (full 5):
 PSYoungGen      total 475648K, used 9376K [0x00000000e0000000, 0x00000000ffa00000, 0x0000000100000000)
  eden space 440320K, 0% used [0x00000000e0000000,0x00000000e0000000,0x00000000fae00000)
  from space 35328K, 26% used [0x00000000fd780000,0x00000000fe0a8000,0x00000000ffa00000)
  to   space 38912K, 0% used [0x00000000fae00000,0x00000000fae00000,0x00000000fd400000)
 ParOldGen       total 274944K, used 189386K [0x00000000a0000000, 0x00000000b0c80000, 0x00000000e0000000)
  object space 274944K, 68% used [0x00000000a0000000,0x00000000ab8f29b0,0x00000000b0c80000)
 Metaspace       used 115618K, capacity 120244K, committed 121984K, reserved 1155072K
  class space    used 14567K, capacity 15570K, committed 16000K, reserved 1048576K
}
Event: 1516.371 GC heap before
{Heap before GC invocations=66 (full 5):
 PSYoungGen      total 475648K, used 449696K [0x00000000e0000000, 0x00000000ffa00000, 0x0000000100000000)
  eden space 440320K, 100% used [0x00000000e0000000,0x00000000fae00000,0x00000000fae00000)
  from space 35328K, 26% used [0x00000000fd780000,0x00000000fe0a8000,0x00000000ffa00000)
  to   space 38912K, 0% used [0x00000000fae00000,0x00000000fae00000,0x00000000fd400000)
 ParOldGen       total 274944K, used 189386K [0x00000000a0000000, 0x00000000b0c80000, 0x00000000e0000000)
  object space 274944K, 68% used [0x00000000a0000000,0x00000000ab8f29b0,0x00000000b0c80000)
 Metaspace       used 115641K, capacity 120244K, committed 121984K, reserved 1155072K
  class space    used 14567K, capacity 15570K, committed 16000K, reserved 1048576K
Event: 1516.386 GC heap after
Heap after GC invocations=66 (full 5):
 PSYoungGen      total 479232K, used 7872K [0x00000000e0000000, 0x00000000fff80000, 0x0000000100000000)
  eden space 440320K, 0% used [0x00000000e0000000,0x00000000e0000000,0x00000000fae00000)
  from space 38912K, 20% used [0x00000000fae00000,0x00000000fb5b0010,0x00000000fd400000)
  to   space 36864K, 0% used [0x00000000fdb80000,0x00000000fdb80000,0x00000000fff80000)
 ParOldGen       total 274944K, used 197559K [0x00000000a0000000, 0x00000000b0c80000, 0x00000000e0000000)
  object space 274944K, 71% used [0x00000000a0000000,0x00000000ac0ede28,0x00000000b0c80000)
 Metaspace       used 115641K, capacity 120244K, committed 121984K, reserved 1155072K
  class space    used 14567K, capacity 15570K, committed 16000K, reserved 1048576K
}

